<?xml version="1.0" encoding="UTF-8"?>
<!-- Generated by org.testng.reporters.JUnitXMLReporter -->
<testsuite hostname="DESKTOP-6QUM1LC" ignored="0" name="Default test" tests="3" failures="0" timestamp="22 Apr 2019 15:25:21 GMT" time="77.03" errors="0">
  <testcase name="crmImage" time="1.162" classname="com.crm.qa.testcases.LoginPageTestCase"/>
  <testcase name="loginPageTitle" time="2.147" classname="com.crm.qa.testcases.LoginPageTestCase"/>
  <testcase name="loginTest" time="10.893" classname="com.crm.qa.testcases.LoginPageTestCase"/>
</testsuite> <!-- Default test -->
